<?xml version="1.0" encoding="UTF-8"?>
<!-- Generated by org.testng.reporters.JUnitXMLReporter -->
<testsuite ignored="0" hostname="IB-SEZ-LAP-984" failures="1" tests="4" name="Firefox_Test" time="62.177" errors="0" timestamp="2022-02-22T16:29:04 IST">
  <testcase classname="com.evo.testcases.LoginPageTest" name="verifyARpage" time="3.116"/>
  <testcase classname="com.evo.testcases.LoginPageTest" name="verifyENpage" time="0.847"/>
  <testcase classname="com.evo.testcases.LoginPageTest" name="verifyFRpage" time="1.615"/>
  <testcase classname="com.evo.testcases.LoginPageTest" name="verifyLogin" time="27.852">
    <failure type="java.lang.AssertionError" message="expected [https://ewsqa.enova-me.com/enova.cossp.app/en/dashboard] but found [https://ewsqa.enova-me.com/enova.cossp.app/en/login]">
      <![CDATA[java.lang.AssertionError: expected [https://ewsqa.enova-me.com/enova.cossp.app/en/dashboard] but found [https://ewsqa.enova-me.com/enova.cossp.app/en/login]
at com.evo.testcases.LoginPageTest.verifyLogin(LoginPageTest.java:86)
at java.base/java.util.ArrayList.forEach(ArrayList.java:1511)
... Removed 32 stack frames]]>
    </failure>
  </testcase> <!-- verifyLogin -->
</testsuite> <!-- Firefox_Test -->
